## Footprint report - date Mon 25 Apr 2016 09:13:24 AM EAT
## Created by Pcbnew version kicad 4.0.2-4+6225~38~ubuntu14.04.1-stable
## Unit = mm, Angle = deg.

$BeginDESCRIPTION

$BOARD
upper_left_corner 49.722457 41.465860
lower_right_corner 96.520001 123.145001
$EndBOARD

$MODULE "F1"
reference "F1"
value "FUSE_F"
footprint "Wire_Connections_Bridges:WireConnection_0.80mmDrill"
attribut none
position 62.331600 49.936400  orientation 270.00
layer front
$PAD "1"
Shape Circle Layer both
position  0.000000  0.000000  size  1.998980  1.998980  orientation 0.00
drill  0.800100
shape_offset  0.000000  0.000000
$EndPAD
$PAD "2"
Shape Circle Layer both
position 10.160000  0.000000  size  1.998980  1.998980  orientation 0.00
drill  0.800100
shape_offset  0.000000  0.000000
$EndPAD
$EndMODULE  F1

$MODULE "U1"
reference "U1"
value "MK20DX128VFT5"
footprint "Housings_DFN_QFN:QFN-48-1EP_7x7mm_Pitch0.5mm"
attribut smd
position 75.678600 76.196400  orientation 270.00
layer front
$PAD "1"
Shape Rect Layer front
position -3.400000 -2.750000  size  0.700000  0.250000  orientation 0.00
drill  0.000000
shape_offset  0.000000  0.000000
$EndPAD
$PAD "2"
Shape Rect Layer front
position -3.400000 -2.250000  size  0.700000  0.250000  orientation 0.00
drill  0.000000
shape_offset  0.000000  0.000000
$EndPAD
$PAD "3"
Shape Rect Layer front
position -3.400000 -1.750000  size  0.700000  0.250000  orientation 0.00
drill  0.000000
shape_offset  0.000000  0.000000
$EndPAD
$PAD "4"
Shape Rect Layer front
position -3.400000 -1.250000  size  0.700000  0.250000  orientation 0.00
drill  0.000000
shape_offset  0.000000  0.000000
$EndPAD
$PAD "5"
Shape Rect Layer front
position -3.400000 -0.750000  size  0.700000  0.250000  orientation 0.00
drill  0.000000
shape_offset  0.000000  0.000000
$EndPAD
$PAD "6"
Shape Rect Layer front
position -3.400000 -0.250000  size  0.700000  0.250000  orientation 0.00
drill  0.000000
shape_offset  0.000000  0.000000
$EndPAD
$PAD "7"
Shape Rect Layer front
position -3.400000  0.250000  size  0.700000  0.250000  orientation 0.00
drill  0.000000
shape_offset  0.000000  0.000000
$EndPAD
$PAD "8"
Shape Rect Layer front
position -3.400000  0.750000  size  0.700000  0.250000  orientation 0.00
drill  0.000000
shape_offset  0.000000  0.000000
$EndPAD
$PAD "9"
Shape Rect Layer front
position -3.400000  1.250000  size  0.700000  0.250000  orientation 0.00
drill  0.000000
shape_offset  0.000000  0.000000
$EndPAD
$PAD "10"
Shape Rect Layer front
position -3.400000  1.750000  size  0.700000  0.250000  orientation 0.00
drill  0.000000
shape_offset  0.000000  0.000000
$EndPAD
$PAD "11"
Shape Rect Layer front
position -3.400000  2.250000  size  0.700000  0.250000  orientation 0.00
drill  0.000000
shape_offset  0.000000  0.000000
$EndPAD
$PAD "12"
Shape Rect Layer front
position -3.400000  2.750000  size  0.700000  0.250000  orientation 0.00
drill  0.000000
shape_offset  0.000000  0.000000
$EndPAD
$PAD "13"
Shape Rect Layer front
position -2.750000  3.400000  size  0.700000  0.250000  orientation -270.00
drill  0.000000
shape_offset  0.000000  0.000000
$EndPAD
$PAD "14"
Shape Rect Layer front
position -2.250000  3.400000  size  0.700000  0.250000  orientation -270.00
drill  0.000000
shape_offset  0.000000  0.000000
$EndPAD
$PAD "15"
Shape Rect Layer front
position -1.750000  3.400000  size  0.700000  0.250000  orientation -270.00
drill  0.000000
shape_offset  0.000000  0.000000
$EndPAD
$PAD "16"
Shape Rect Layer front
position -1.250000  3.400000  size  0.700000  0.250000  orientation -270.00
drill  0.000000
shape_offset  0.000000  0.000000
$EndPAD
$PAD "17"
Shape Rect Layer front
position -0.750000  3.400000  size  0.700000  0.250000  orientation -270.00
drill  0.000000
shape_offset  0.000000  0.000000
$EndPAD
$PAD "18"
Shape Rect Layer front
position -0.250000  3.400000  size  0.700000  0.250000  orientation -270.00
drill  0.000000
shape_offset  0.000000  0.000000
$EndPAD
$PAD "19"
Shape Rect Layer front
position  0.250000  3.400000  size  0.700000  0.250000  orientation -270.00
drill  0.000000
shape_offset  0.000000  0.000000
$EndPAD
$PAD "20"
Shape Rect Layer front
position  0.750000  3.400000  size  0.700000  0.250000  orientation -270.00
drill  0.000000
shape_offset  0.000000  0.000000
$EndPAD
$PAD "21"
Shape Rect Layer front
position  1.250000  3.400000  size  0.700000  0.250000  orientation -270.00
drill  0.000000
shape_offset  0.000000  0.000000
$EndPAD
$PAD "22"
Shape Rect Layer front
position  1.750000  3.400000  size  0.700000  0.250000  orientation -270.00
drill  0.000000
shape_offset  0.000000  0.000000
$EndPAD
$PAD "23"
Shape Rect Layer front
position  2.250000  3.400000  size  0.700000  0.250000  orientation -270.00
drill  0.000000
shape_offset  0.000000  0.000000
$EndPAD
$PAD "24"
Shape Rect Layer front
position  2.750000  3.400000  size  0.700000  0.250000  orientation -270.00
drill  0.000000
shape_offset  0.000000  0.000000
$EndPAD
$PAD "25"
Shape Rect Layer front
position  3.400000  2.750000  size  0.700000  0.250000  orientation 0.00
drill  0.000000
shape_offset  0.000000  0.000000
$EndPAD
$PAD "26"
Shape Rect Layer front
position  3.400000  2.250000  size  0.700000  0.250000  orientation 0.00
drill  0.000000
shape_offset  0.000000  0.000000
$EndPAD
$PAD "27"
Shape Rect Layer front
position  3.400000  1.750000  size  0.700000  0.250000  orientation 0.00
drill  0.000000
shape_offset  0.000000  0.000000
$EndPAD
$PAD "28"
Shape Rect Layer front
position  3.400000  1.250000  size  0.700000  0.250000  orientation 0.00
drill  0.000000
shape_offset  0.000000  0.000000
$EndPAD
$PAD "29"
Shape Rect Layer front
position  3.400000  0.750000  size  0.700000  0.250000  orientation 0.00
drill  0.000000
shape_offset  0.000000  0.000000
$EndPAD
$PAD "30"
Shape Rect Layer front
position  3.400000  0.250000  size  0.700000  0.250000  orientation 0.00
drill  0.000000
shape_offset  0.000000  0.000000
$EndPAD
$PAD "31"
Shape Rect Layer front
position  3.400000 -0.250000  size  0.700000  0.250000  orientation 0.00
drill  0.000000
shape_offset  0.000000  0.000000
$EndPAD
$PAD "32"
Shape Rect Layer front
position  3.400000 -0.750000  size  0.700000  0.250000  orientation 0.00
drill  0.000000
shape_offset  0.000000  0.000000
$EndPAD
$PAD "33"
Shape Rect Layer front
position  3.400000 -1.250000  size  0.700000  0.250000  orientation 0.00
drill  0.000000
shape_offset  0.000000  0.000000
$EndPAD
$PAD "34"
Shape Rect Layer front
position  3.400000 -1.750000  size  0.700000  0.250000  orientation 0.00
drill  0.000000
shape_offset  0.000000  0.000000
$EndPAD
$PAD "35"
Shape Rect Layer front
position  3.400000 -2.250000  size  0.700000  0.250000  orientation 0.00
drill  0.000000
shape_offset  0.000000  0.000000
$EndPAD
$PAD "36"
Shape Rect Layer front
position  3.400000 -2.750000  size  0.700000  0.250000  orientation 0.00
drill  0.000000
shape_offset  0.000000  0.000000
$EndPAD
$PAD "37"
Shape Rect Layer front
position  2.750000 -3.400000  size  0.700000  0.250000  orientation -270.00
drill  0.000000
shape_offset  0.000000  0.000000
$EndPAD
$PAD "38"
Shape Rect Layer front
position  2.250000 -3.400000  size  0.700000  0.250000  orientation -270.00
drill  0.000000
shape_offset  0.000000  0.000000
$EndPAD
$PAD "39"
Shape Rect Layer front
position  1.750000 -3.400000  size  0.700000  0.250000  orientation -270.00
drill  0.000000
shape_offset  0.000000  0.000000
$EndPAD
$PAD "40"
Shape Rect Layer front
position  1.250000 -3.400000  size  0.700000  0.250000  orientation -270.00
drill  0.000000
shape_offset  0.000000  0.000000
$EndPAD
$PAD "41"
Shape Rect Layer front
position  0.750000 -3.400000  size  0.700000  0.250000  orientation -270.00
drill  0.000000
shape_offset  0.000000  0.000000
$EndPAD
$PAD "42"
Shape Rect Layer front
position  0.250000 -3.400000  size  0.700000  0.250000  orientation -270.00
drill  0.000000
shape_offset  0.000000  0.000000
$EndPAD
$PAD "43"
Shape Rect Layer front
position -0.250000 -3.400000  size  0.700000  0.250000  orientation -270.00
drill  0.000000
shape_offset  0.000000  0.000000
$EndPAD
$PAD "44"
Shape Rect Layer front
position -0.750000 -3.400000  size  0.700000  0.250000  orientation -270.00
drill  0.000000
shape_offset  0.000000  0.000000
$EndPAD
$PAD "45"
Shape Rect Layer front
position -1.250000 -3.400000  size  0.700000  0.250000  orientation -270.00
drill  0.000000
shape_offset  0.000000  0.000000
$EndPAD
$PAD "46"
Shape Rect Layer front
position -1.750000 -3.400000  size  0.700000  0.250000  orientation -270.00
drill  0.000000
shape_offset  0.000000  0.000000
$EndPAD
$PAD "47"
Shape Rect Layer front
position -2.250000 -3.400000  size  0.700000  0.250000  orientation -270.00
drill  0.000000
shape_offset  0.000000  0.000000
$EndPAD
$PAD "48"
Shape Rect Layer front
position -2.750000 -3.400000  size  0.700000  0.250000  orientation -270.00
drill  0.000000
shape_offset  0.000000  0.000000
$EndPAD
$EndMODULE  U1

$MODULE "C1"
reference "C1"
value "100n"
footprint "Capacitors_SMD:C_0805"
attribut smd
position 71.618600 63.652400  orientation 0.00
layer front
$PAD "1"
Shape Rect Layer front
position -1.000000  0.000000  size  1.000000  1.250000  orientation 0.00
drill  0.000000
shape_offset  0.000000  0.000000
$EndPAD
$PAD "2"
Shape Rect Layer front
position  1.000000  0.000000  size  1.000000  1.250000  orientation 0.00
drill  0.000000
shape_offset  0.000000  0.000000
$EndPAD
$EndMODULE  C1

$MODULE "C2"
reference "C2"
value "2.2u"
footprint "Capacitors_SMD:C_0805"
attribut smd
position 75.222100 53.889400  orientation 270.00
layer front
$PAD "1"
Shape Rect Layer front
position -1.000000  0.000000  size  1.000000  1.250000  orientation 0.00
drill  0.000000
shape_offset  0.000000  0.000000
$EndPAD
$PAD "2"
Shape Rect Layer front
position  1.000000  0.000000  size  1.000000  1.250000  orientation 0.00
drill  0.000000
shape_offset  0.000000  0.000000
$EndPAD
$EndMODULE  C2

$MODULE "C3"
reference "C3"
value "100n"
footprint "Capacitors_SMD:C_0805"
attribut smd
position 74.968100 57.984900  orientation 90.00
layer front
$PAD "1"
Shape Rect Layer front
position -1.000000  0.000000  size  1.000000  1.250000  orientation 0.00
drill  0.000000
shape_offset  0.000000  0.000000
$EndPAD
$PAD "2"
Shape Rect Layer front
position  1.000000  0.000000  size  1.000000  1.250000  orientation 0.00
drill  0.000000
shape_offset  0.000000  0.000000
$EndPAD
$EndMODULE  C3

$MODULE "C4"
reference "C4"
value "100n"
footprint "Capacitors_SMD:C_0805"
attribut smd
position 80.492600 56.041800  orientation 90.00
layer front
$PAD "1"
Shape Rect Layer front
position -1.000000  0.000000  size  1.000000  1.250000  orientation 0.00
drill  0.000000
shape_offset  0.000000  0.000000
$EndPAD
$PAD "2"
Shape Rect Layer front
position  1.000000  0.000000  size  1.000000  1.250000  orientation 0.00
drill  0.000000
shape_offset  0.000000  0.000000
$EndPAD
$EndMODULE  C4

$MODULE "C5"
reference "C5"
value "100n"
footprint "Capacitors_SMD:C_0805"
attribut smd
position 81.778600 59.182000  orientation 180.00
layer front
$PAD "1"
Shape Rect Layer front
position -1.000000  0.000000  size  1.000000  1.250000  orientation 0.00
drill  0.000000
shape_offset  0.000000  0.000000
$EndPAD
$PAD "2"
Shape Rect Layer front
position  1.000000  0.000000  size  1.000000  1.250000  orientation 0.00
drill  0.000000
shape_offset  0.000000  0.000000
$EndPAD
$EndMODULE  C5

$MODULE "C6"
reference "C6"
value "2.2u"
footprint "Capacitors_SMD:C_0805"
attribut smd
position 85.064600 56.048400  orientation 90.00
layer front
$PAD "1"
Shape Rect Layer front
position -1.000000  0.000000  size  1.000000  1.250000  orientation 0.00
drill  0.000000
shape_offset  0.000000  0.000000
$EndPAD
$PAD "2"
Shape Rect Layer front
position  1.000000  0.000000  size  1.000000  1.250000  orientation 0.00
drill  0.000000
shape_offset  0.000000  0.000000
$EndPAD
$EndMODULE  C6

$MODULE "C7"
reference "C7"
value "100n"
footprint "Capacitors_SMD:C_0805"
attribut smd
position 71.618600 65.684400  orientation 180.00
layer front
$PAD "1"
Shape Rect Layer front
position -1.000000  0.000000  size  1.000000  1.250000  orientation 0.00
drill  0.000000
shape_offset  0.000000  0.000000
$EndPAD
$PAD "2"
Shape Rect Layer front
position  1.000000  0.000000  size  1.000000  1.250000  orientation 0.00
drill  0.000000
shape_offset  0.000000  0.000000
$EndPAD
$EndMODULE  C7

$MODULE "C8"
reference "C8"
value "100n"
footprint "Capacitors_SMD:C_0805"
attribut smd
position 71.840600 54.381400  orientation 180.00
layer front
$PAD "1"
Shape Rect Layer front
position -1.000000  0.000000  size  1.000000  1.250000  orientation 0.00
drill  0.000000
shape_offset  0.000000  0.000000
$EndPAD
$PAD "2"
Shape Rect Layer front
position  1.000000  0.000000  size  1.000000  1.250000  orientation 0.00
drill  0.000000
shape_offset  0.000000  0.000000
$EndPAD
$EndMODULE  C8

$MODULE "C9"
reference "C9"
value "100n"
footprint "Capacitors_SMD:C_0805"
attribut smd
position 69.570600 59.064400  orientation 270.00
layer front
$PAD "1"
Shape Rect Layer front
position -1.000000  0.000000  size  1.000000  1.250000  orientation 0.00
drill  0.000000
shape_offset  0.000000  0.000000
$EndPAD
$PAD "2"
Shape Rect Layer front
position  1.000000  0.000000  size  1.000000  1.250000  orientation 0.00
drill  0.000000
shape_offset  0.000000  0.000000
$EndPAD
$EndMODULE  C9

$MODULE "C10"
reference "C10"
value "100n"
footprint "Capacitors_SMD:C_0805"
attribut smd
position 67.030600 59.064400  orientation 270.00
layer front
$PAD "1"
Shape Rect Layer front
position -1.000000  0.000000  size  1.000000  1.250000  orientation 0.00
drill  0.000000
shape_offset  0.000000  0.000000
$EndPAD
$PAD "2"
Shape Rect Layer front
position  1.000000  0.000000  size  1.000000  1.250000  orientation 0.00
drill  0.000000
shape_offset  0.000000  0.000000
$EndPAD
$EndMODULE  C10

$MODULE "C11"
reference "C11"
value "100n"
footprint "Capacitors_SMD:C_0805"
attribut smd
position 82.168240 91.846400  orientation 180.00
layer front
$PAD "1"
Shape Rect Layer front
position -1.000000  0.000000  size  1.000000  1.250000  orientation 0.00
drill  0.000000
shape_offset  0.000000  0.000000
$EndPAD
$PAD "2"
Shape Rect Layer front
position  1.000000  0.000000  size  1.000000  1.250000  orientation 0.00
drill  0.000000
shape_offset  0.000000  0.000000
$EndPAD
$EndMODULE  C11

$MODULE "C12"
reference "C12"
value "2.2u"
footprint "Capacitors_SMD:C_0805"
attribut smd
position 82.169000 89.504520  orientation 0.00
layer front
$PAD "1"
Shape Rect Layer front
position -1.000000  0.000000  size  1.000000  1.250000  orientation 0.00
drill  0.000000
shape_offset  0.000000  0.000000
$EndPAD
$PAD "2"
Shape Rect Layer front
position  1.000000  0.000000  size  1.000000  1.250000  orientation 0.00
drill  0.000000
shape_offset  0.000000  0.000000
$EndPAD
$EndMODULE  C12

$MODULE "C13"
reference "C13"
value "100n"
footprint "Capacitors_SMD:C_0805"
attribut smd
position 82.778600 56.041800  orientation 90.00
layer front
$PAD "1"
Shape Rect Layer front
position -1.000000  0.000000  size  1.000000  1.250000  orientation 0.00
drill  0.000000
shape_offset  0.000000  0.000000
$EndPAD
$PAD "2"
Shape Rect Layer front
position  1.000000  0.000000  size  1.000000  1.250000  orientation 0.00
drill  0.000000
shape_offset  0.000000  0.000000
$EndPAD
$EndMODULE  C13

$MODULE "D1"
reference "D1"
value "BAS40-05"
footprint "TO_SOT_Packages_SMD:SOT-23"
attribut smd
position 67.048380 63.017400  orientation 270.00
layer front
$PAD "1"
Shape Rect Layer front
position -0.950000  1.000760  size  0.800100  0.800100  orientation 0.00
drill  0.000000
shape_offset  0.000000  0.000000
$EndPAD
$PAD "2"
Shape Rect Layer front
position  0.950000  1.000760  size  0.800100  0.800100  orientation 0.00
drill  0.000000
shape_offset  0.000000  0.000000
$EndPAD
$PAD "3"
Shape Rect Layer front
position  0.000000 -0.998220  size  0.800100  0.800100  orientation 0.00
drill  0.000000
shape_offset  0.000000  0.000000
$EndPAD
$EndMODULE  D1

$MODULE "D2"
reference "D2"
value "LED"
footprint "LEDs:LED_0603"
attribut smd
position 63.754000 114.820700  orientation 90.00
layer front
$PAD "2"
Shape Rect Layer front
position  0.749300  0.000000  size  0.797560  0.797560  orientation 180.00
drill  0.000000
shape_offset  0.000000  0.000000
$EndPAD
$PAD "1"
Shape Rect Layer front
position -0.749300  0.000000  size  0.797560  0.797560  orientation 180.00
drill  0.000000
shape_offset  0.000000  0.000000
$EndPAD
$EndMODULE  D2

$MODULE "D3"
reference "D3"
value "BAS40-05"
footprint "TO_SOT_Packages_SMD:SOT-23"
attribut smd
position 68.028820 55.143400  orientation 90.00
layer front
$PAD "1"
Shape Rect Layer front
position -0.950000  1.000760  size  0.800100  0.800100  orientation 0.00
drill  0.000000
shape_offset  0.000000  0.000000
$EndPAD
$PAD "2"
Shape Rect Layer front
position  0.950000  1.000760  size  0.800100  0.800100  orientation 0.00
drill  0.000000
shape_offset  0.000000  0.000000
$EndPAD
$PAD "3"
Shape Rect Layer front
position  0.000000 -0.998220  size  0.800100  0.800100  orientation 0.00
drill  0.000000
shape_offset  0.000000  0.000000
$EndPAD
$EndMODULE  D3

$MODULE "R1"
reference "R1"
value "470"
footprint "Resistors_SMD:R_0805"
attribut smd
position 75.034100 61.175900  orientation 180.00
layer front
$PAD "1"
Shape Rect Layer front
position -0.950000  0.000000  size  0.700000  1.300000  orientation 0.00
drill  0.000000
shape_offset  0.000000  0.000000
$EndPAD
$PAD "2"
Shape Rect Layer front
position  0.950000  0.000000  size  0.700000  1.300000  orientation 0.00
drill  0.000000
shape_offset  0.000000  0.000000
$EndPAD
$EndMODULE  R1

$MODULE "R2"
reference "R2"
value "33"
footprint "Resistors_SMD:R_0805"
attribut smd
position 77.444600 63.921600  orientation 270.00
layer front
$PAD "1"
Shape Rect Layer front
position -0.950000  0.000000  size  0.700000  1.300000  orientation 0.00
drill  0.000000
shape_offset  0.000000  0.000000
$EndPAD
$PAD "2"
Shape Rect Layer front
position  0.950000  0.000000  size  0.700000  1.300000  orientation 0.00
drill  0.000000
shape_offset  0.000000  0.000000
$EndPAD
$EndMODULE  R2

$MODULE "R3"
reference "R3"
value "33"
footprint "Resistors_SMD:R_0805"
attribut smd
position 79.552800 63.921600  orientation 270.00
layer front
$PAD "1"
Shape Rect Layer front
position -0.950000  0.000000  size  0.700000  1.300000  orientation 0.00
drill  0.000000
shape_offset  0.000000  0.000000
$EndPAD
$PAD "2"
Shape Rect Layer front
position  0.950000  0.000000  size  0.700000  1.300000  orientation 0.00
drill  0.000000
shape_offset  0.000000  0.000000
$EndPAD
$EndMODULE  R3

$MODULE "R4"
reference "R4"
value "1k"
footprint "Resistors_SMD:R_0805"
attribut smd
position 73.980000 115.316000  orientation 180.00
layer front
$PAD "1"
Shape Rect Layer front
position -0.950000  0.000000  size  0.700000  1.300000  orientation 0.00
drill  0.000000
shape_offset  0.000000  0.000000
$EndPAD
$PAD "2"
Shape Rect Layer front
position  0.950000  0.000000  size  0.700000  1.300000  orientation 0.00
drill  0.000000
shape_offset  0.000000  0.000000
$EndPAD
$EndMODULE  R4

$MODULE "R5"
reference "R5"
value "10k"
footprint "Resistors_SMD:R_0805"
attribut smd
position 81.945520 94.183200  orientation 0.00
layer front
$PAD "1"
Shape Rect Layer front
position -0.950000  0.000000  size  0.700000  1.300000  orientation 0.00
drill  0.000000
shape_offset  0.000000  0.000000
$EndPAD
$PAD "2"
Shape Rect Layer front
position  0.950000  0.000000  size  0.700000  1.300000  orientation 0.00
drill  0.000000
shape_offset  0.000000  0.000000
$EndPAD
$EndMODULE  R5

$MODULE "R6"
reference "R6"
value "1k"
footprint "Resistors_SMD:R_0805"
attribut smd
position 81.788000 112.202000  orientation 270.00
layer front
$PAD "1"
Shape Rect Layer front
position -0.950000  0.000000  size  0.700000  1.300000  orientation 0.00
drill  0.000000
shape_offset  0.000000  0.000000
$EndPAD
$PAD "2"
Shape Rect Layer front
position  0.950000  0.000000  size  0.700000  1.300000  orientation 0.00
drill  0.000000
shape_offset  0.000000  0.000000
$EndPAD
$EndMODULE  R6

$MODULE "SW1"
reference "SW1"
value "SW_PUSH"
footprint "Buttons_Switches_SMD:SW_SPST_EVQPE1"
attribut smd
position 78.326000 102.616000  orientation 180.00
layer front
$PAD "2"
Shape Rect Layer front
position  2.700000  0.000000  size  2.000000  1.600000  orientation 0.00
drill  0.000000
shape_offset  0.000000  0.000000
$EndPAD
$PAD "1"
Shape Rect Layer front
position -2.700000  0.000000  size  2.000000  1.600000  orientation 0.00
drill  0.000000
shape_offset  0.000000  0.000000
$EndPAD
$EndMODULE  SW1

$MODULE "U2"
reference "U2"
value "LT1129CST-3.3"
footprint "TO_SOT_Packages_SMD:SOT-223"
attribut smd
position 55.854600 49.555400  orientation 0.00
layer front
$PAD "4"
Shape Rect Layer front
position  0.000000 -3.302000  size  3.657600  2.032000  orientation 0.00
drill  0.000000
shape_offset  0.000000  0.000000
$EndPAD
$PAD "2"
Shape Rect Layer front
position  0.000000  3.302000  size  1.016000  2.032000  orientation 0.00
drill  0.000000
shape_offset  0.000000  0.000000
$EndPAD
$PAD "3"
Shape Rect Layer front
position  2.286000  3.302000  size  1.016000  2.032000  orientation 0.00
drill  0.000000
shape_offset  0.000000  0.000000
$EndPAD
$PAD "1"
Shape Rect Layer front
position -2.286000  3.302000  size  1.016000  2.032000  orientation 0.00
drill  0.000000
shape_offset  0.000000  0.000000
$EndPAD
$EndMODULE  U2

$MODULE "U3"
reference "U3"
value "74LS126"
footprint "SMD_Packages:SOIC-14_N"
attribut smd
position 88.900000 111.252000  orientation 180.00
layer front
$PAD "1"
Shape Rect Layer front
position -3.810000  3.302000  size  0.508000  1.143000  orientation 0.00
drill  0.000000
shape_offset  0.000000  0.000000
$EndPAD
$PAD "2"
Shape Rect Layer front
position -2.540000  3.302000  size  0.508000  1.143000  orientation 0.00
drill  0.000000
shape_offset  0.000000  0.000000
$EndPAD
$PAD "3"
Shape Rect Layer front
position -1.270000  3.302000  size  0.508000  1.143000  orientation 0.00
drill  0.000000
shape_offset  0.000000  0.000000
$EndPAD
$PAD "4"
Shape Rect Layer front
position  0.000000  3.302000  size  0.508000  1.143000  orientation 0.00
drill  0.000000
shape_offset  0.000000  0.000000
$EndPAD
$PAD "5"
Shape Rect Layer front
position  1.270000  3.302000  size  0.508000  1.143000  orientation 0.00
drill  0.000000
shape_offset  0.000000  0.000000
$EndPAD
$PAD "6"
Shape Rect Layer front
position  2.540000  3.302000  size  0.508000  1.143000  orientation 0.00
drill  0.000000
shape_offset  0.000000  0.000000
$EndPAD
$PAD "7"
Shape Rect Layer front
position  3.810000  3.302000  size  0.508000  1.143000  orientation 0.00
drill  0.000000
shape_offset  0.000000  0.000000
$EndPAD
$PAD "8"
Shape Rect Layer front
position  3.810000 -3.048000  size  0.508000  1.143000  orientation 0.00
drill  0.000000
shape_offset  0.000000  0.000000
$EndPAD
$PAD "9"
Shape Rect Layer front
position  2.540000 -3.048000  size  0.508000  1.143000  orientation 0.00
drill  0.000000
shape_offset  0.000000  0.000000
$EndPAD
$PAD "11"
Shape Rect Layer front
position  0.000000 -3.048000  size  0.508000  1.143000  orientation 0.00
drill  0.000000
shape_offset  0.000000  0.000000
$EndPAD
$PAD "12"
Shape Rect Layer front
position -1.270000 -3.048000  size  0.508000  1.143000  orientation 0.00
drill  0.000000
shape_offset  0.000000  0.000000
$EndPAD
$PAD "13"
Shape Rect Layer front
position -2.540000 -3.048000  size  0.508000  1.143000  orientation 0.00
drill  0.000000
shape_offset  0.000000  0.000000
$EndPAD
$PAD "14"
Shape Rect Layer front
position -3.810000 -3.048000  size  0.508000  1.143000  orientation 0.00
drill  0.000000
shape_offset  0.000000  0.000000
$EndPAD
$PAD "10"
Shape Rect Layer front
position  1.270000 -3.048000  size  0.508000  1.143000  orientation 0.00
drill  0.000000
shape_offset  0.000000  0.000000
$EndPAD
$EndMODULE  U3

$MODULE "X3"
reference "X3"
value "MOLEX-MICRO-SD"
footprint "Connect:SD_Card_Receptacle"
attribut none
position 72.566000 81.870000  orientation 180.00
layer back
$PAD "1"
Shape Rect Layer back
position  6.875000  0.000000  size  1.000000  1.500000  orientation 0.00
drill  0.000000
shape_offset  0.000000  0.000000
$EndPAD
$PAD "2"
Shape Rect Layer back
position  4.375000  0.000000  size  1.000000  1.500000  orientation 0.00
drill  0.000000
shape_offset  0.000000  0.000000
$EndPAD
$PAD "3"
Shape Rect Layer back
position  1.075000  0.000000  size  1.000000  1.500000  orientation 0.00
drill  0.000000
shape_offset  0.000000  0.000000
$EndPAD
$PAD "4"
Shape Rect Layer back
position -0.625000  0.000000  size  1.000000  1.500000  orientation 0.00
drill  0.000000
shape_offset  0.000000  0.000000
$EndPAD
$PAD "5"
Shape Rect Layer back
position -3.125000  0.000000  size  1.000000  1.500000  orientation 0.00
drill  0.000000
shape_offset  0.000000  0.000000
$EndPAD
$PAD "6"
Shape Rect Layer back
position -5.625000  0.000000  size  1.000000  1.500000  orientation 0.00
drill  0.000000
shape_offset  0.000000  0.000000
$EndPAD
$PAD "7"
Shape Rect Layer back
position -8.050000  0.000000  size  1.000000  1.500000  orientation 0.00
drill  0.000000
shape_offset  0.000000  0.000000
$EndPAD
$PAD "8"
Shape Rect Layer back
position -9.750000  0.000000  size  1.000000  1.500000  orientation 0.00
drill  0.000000
shape_offset  0.000000  0.000000
$EndPAD
$PAD "9"
Shape Rect Layer back
position  9.375000  0.000000  size  1.000000  1.500000  orientation 0.00
drill  0.000000
shape_offset  0.000000  0.000000
$EndPAD
$PAD "10"
Shape Rect Layer back
position  2.725000  0.000000  size  1.000000  1.500000  orientation 0.00
drill  0.000000
shape_offset  0.000000  0.000000
$EndPAD
$PAD "11"
Shape Rect Layer back
position -13.100000  0.000000  size  1.000000  1.500000  orientation 0.00
drill  0.000000
shape_offset  0.000000  0.000000
$EndPAD
$PAD "12"
Shape Rect Layer back
position 14.400000 -21.000000  size  1.200000  2.200000  orientation 0.00
drill  0.000000
shape_offset  0.000000  0.000000
$EndPAD
$PAD "13"
Shape Rect Layer back
position -13.600000 -22.200000  size  1.200000  2.200000  orientation 0.00
drill  0.000000
shape_offset  0.000000  0.000000
$EndPAD
$PAD ""
Shape Circle Layer both
position 12.100000 -24.300000  size  1.500000  1.500000  orientation 0.00
drill  1.500000
shape_offset  0.000000  0.000000
$EndPAD
$PAD ""
Shape Circle Layer both
position -12.100000 -24.300000  size  1.500000  1.500000  orientation 0.00
drill  1.500000
shape_offset  0.000000  0.000000
$EndPAD
$EndMODULE  X3

$MODULE "L1"
reference "L1"
value "INDUCTOR_F"
footprint "Inductors_NEOSID:Neosid_Inductor_SM1206"
attribut smd
position 82.727800 52.324000  orientation 180.00
layer front
$PAD "2"
Shape Rect Layer front
position  1.625600  0.000000  size  1.150620  1.399540  orientation 0.00
drill  0.000000
shape_offset  0.000000  0.000000
$EndPAD
$PAD "1"
Shape Rect Layer front
position -1.625600  0.000000  size  1.150620  1.399540  orientation 0.00
drill  0.000000
shape_offset  0.000000  0.000000
$EndPAD
$EndMODULE  L1

$MODULE "L2"
reference "L2"
value "INDUCTOR_F"
footprint "Inductors_NEOSID:Neosid_Inductor_SM1206"
attribut smd
position 71.983600 58.597800  orientation 90.00
layer front
$PAD "2"
Shape Rect Layer front
position  1.625600  0.000000  size  1.150620  1.399540  orientation 0.00
drill  0.000000
shape_offset  0.000000  0.000000
$EndPAD
$PAD "1"
Shape Rect Layer front
position -1.625600  0.000000  size  1.150620  1.399540  orientation 0.00
drill  0.000000
shape_offset  0.000000  0.000000
$EndPAD
$EndMODULE  L2

$MODULE "L3"
reference "L3"
value "INDUCTOR_F"
footprint "Inductors_NEOSID:Neosid_Inductor_SM1206"
attribut smd
position 69.240400 49.784000  orientation 180.00
layer front
$PAD "2"
Shape Rect Layer front
position  1.625600  0.000000  size  1.150620  1.399540  orientation 0.00
drill  0.000000
shape_offset  0.000000  0.000000
$EndPAD
$PAD "1"
Shape Rect Layer front
position -1.625600  0.000000  size  1.150620  1.399540  orientation 0.00
drill  0.000000
shape_offset  0.000000  0.000000
$EndPAD
$EndMODULE  L3

$MODULE "JP1"
reference "JP1"
value "JUMPER_F"
footprint "Connect:PINHEAD1-2"
attribut virtual
position 62.458600 64.287400  orientation 90.00
layer front
$PAD "1"
Shape Oval Layer both
position -1.270000  0.000000  size  1.506220  3.014980  orientation 0.00
drill  0.998220
shape_offset  0.000000  0.000000
$EndPAD
$PAD "2"
Shape Oval Layer both
position  1.270000  0.000000  size  1.506220  3.014980  orientation 0.00
drill  0.998220
shape_offset  0.000000  0.000000
$EndPAD
$EndMODULE  JP1

$MODULE "JP2"
reference "JP2"
value "JUMPER_F"
footprint "Connect:PINHEAD1-2"
attribut virtual
position 68.834000 102.108000  orientation 270.00
layer front
$PAD "1"
Shape Oval Layer both
position -1.270000  0.000000  size  1.506220  3.014980  orientation 0.00
drill  0.998220
shape_offset  0.000000  0.000000
$EndPAD
$PAD "2"
Shape Oval Layer both
position  1.270000  0.000000  size  1.506220  3.014980  orientation 0.00
drill  0.998220
shape_offset  0.000000  0.000000
$EndPAD
$EndMODULE  JP2

$MODULE "JP3"
reference "JP3"
value "JUMPER_F"
footprint "Connect:PINHEAD1-2"
attribut virtual
position 62.484000 102.108000  orientation 270.00
layer front
$PAD "1"
Shape Oval Layer both
position -1.270000  0.000000  size  1.506220  3.014980  orientation 0.00
drill  0.998220
shape_offset  0.000000  0.000000
$EndPAD
$PAD "2"
Shape Oval Layer both
position  1.270000  0.000000  size  1.506220  3.014980  orientation 0.00
drill  0.998220
shape_offset  0.000000  0.000000
$EndPAD
$EndMODULE  JP3

$MODULE "Y1"
reference "Y1"
value "Crystal"
footprint "Crystals:ABM3"
attribut smd
position 68.503800 82.067400  orientation 270.00
layer front
$PAD "2"
Shape Rect Layer front
position  2.050000  0.000000  size  1.900000  2.400000  orientation 0.00
drill  0.000000
shape_offset  0.000000  0.000000
$EndPAD
$PAD "1"
Shape Rect Layer front
position -2.050000  0.000000  size  1.900000  2.400000  orientation 0.00
drill  0.000000
shape_offset  0.000000  0.000000
$EndPAD
$EndMODULE  Y1

$MODULE "Y2"
reference "Y2"
value "Crystal_Small"
footprint "Crystals:Crystal_Round_Horizontal_3mm_BigPad"
attribut none
position 67.805300 66.573400  orientation 0.00
layer front
$PAD "1"
Shape Oval Layer both
position -0.749300  0.000000  size  1.501140  1.000760  orientation 45.00
drill  0.599440
shape_offset -0.299720  0.000000
$EndPAD
$PAD "2"
Shape Oval Layer both
position  0.749300  0.000000  size  1.501140  1.000760  orientation 315.00
drill  0.599440
shape_offset  0.299720  0.000000
$EndPAD
$EndMODULE  Y2

$MODULE "P1"
reference "P1"
value "CONN_1"
footprint "Connect:PIN1"
attribut virtual
position 89.890600 63.906400  orientation 270.00
layer front
$PAD "1"
Shape Oval Layer both
position -5.080000  0.635000  size  1.524000  3.000000  orientation 0.00
drill  1.000000
shape_offset  0.000000  0.000000
$EndPAD
$EndMODULE  P1

$MODULE "P2"
reference "P2"
value "CONN_1"
footprint "Connect:PIN1"
attribut virtual
position 89.890600 66.446400  orientation 270.00
layer front
$PAD "1"
Shape Oval Layer both
position -5.080000  0.635000  size  1.524000  3.000000  orientation 0.00
drill  1.000000
shape_offset  0.000000  0.000000
$EndPAD
$EndMODULE  P2

$MODULE "P3"
reference "P3"
value "CONN_1"
footprint "Connect:PIN1"
attribut virtual
position 89.890600 68.986400  orientation 270.00
layer front
$PAD "1"
Shape Oval Layer both
position -5.080000  0.635000  size  1.524000  3.000000  orientation 0.00
drill  1.000000
shape_offset  0.000000  0.000000
$EndPAD
$EndMODULE  P3

$MODULE "P4"
reference "P4"
value "CONN_1"
footprint "Connect:PIN1"
attribut virtual
position 89.890600 71.526400  orientation 270.00
layer front
$PAD "1"
Shape Oval Layer both
position -5.080000  0.635000  size  1.524000  3.000000  orientation 0.00
drill  1.000000
shape_offset  0.000000  0.000000
$EndPAD
$EndMODULE  P4

$MODULE "P5"
reference "P5"
value "CONN_1"
footprint "Connect:PIN1"
attribut virtual
position 89.890600 74.066400  orientation 270.00
layer front
$PAD "1"
Shape Oval Layer both
position -5.080000  0.635000  size  1.524000  3.000000  orientation 0.00
drill  1.000000
shape_offset  0.000000  0.000000
$EndPAD
$EndMODULE  P5

$MODULE "P6"
reference "P6"
value "CONN_1"
footprint "Connect:PIN1"
attribut virtual
position 89.890600 76.606400  orientation 270.00
layer front
$PAD "1"
Shape Oval Layer both
position -5.080000  0.635000  size  1.524000  3.000000  orientation 0.00
drill  1.000000
shape_offset  0.000000  0.000000
$EndPAD
$EndMODULE  P6

$MODULE "P7"
reference "P7"
value "CONN_1"
footprint "Connect:PIN1"
attribut virtual
position 89.890600 79.146400  orientation 270.00
layer front
$PAD "1"
Shape Oval Layer both
position -5.080000  0.635000  size  1.524000  3.000000  orientation 0.00
drill  1.000000
shape_offset  0.000000  0.000000
$EndPAD
$EndMODULE  P7

$MODULE "P8"
reference "P8"
value "CONN_1"
footprint "Connect:PIN1"
attribut virtual
position 89.890600 81.686400  orientation 270.00
layer front
$PAD "1"
Shape Oval Layer both
position -5.080000  0.635000  size  1.524000  3.000000  orientation 0.00
drill  1.000000
shape_offset  0.000000  0.000000
$EndPAD
$EndMODULE  P8

$MODULE "P9"
reference "P9"
value "CONN_1"
footprint "Connect:PIN1"
attribut virtual
position 89.890600 84.226400  orientation 270.00
layer front
$PAD "1"
Shape Oval Layer both
position -5.080000  0.635000  size  1.524000  3.000000  orientation 0.00
drill  1.000000
shape_offset  0.000000  0.000000
$EndPAD
$EndMODULE  P9

$MODULE "P10"
reference "P10"
value "CONN_1"
footprint "Connect:PIN1"
attribut virtual
position 89.890600 86.766400  orientation 270.00
layer front
$PAD "1"
Shape Oval Layer both
position -5.080000  0.635000  size  1.524000  3.000000  orientation 0.00
drill  1.000000
shape_offset  0.000000  0.000000
$EndPAD
$EndMODULE  P10

$MODULE "P11"
reference "P11"
value "CONN_1"
footprint "Connect:PIN1"
attribut virtual
position 89.890600 89.306400  orientation 270.00
layer front
$PAD "1"
Shape Oval Layer both
position -5.080000  0.635000  size  1.524000  3.000000  orientation 0.00
drill  1.000000
shape_offset  0.000000  0.000000
$EndPAD
$EndMODULE  P11

$MODULE "P12"
reference "P12"
value "CONN_1"
footprint "Connect:PIN1"
attribut virtual
position 89.890600 91.846400  orientation 270.00
layer front
$PAD "1"
Shape Oval Layer both
position -5.080000  0.635000  size  1.524000  3.000000  orientation 0.00
drill  1.000000
shape_offset  0.000000  0.000000
$EndPAD
$EndMODULE  P12

$MODULE "P13"
reference "P13"
value "CONN_1"
footprint "Connect:PIN1"
attribut virtual
position 89.890600 94.386400  orientation 270.00
layer front
$PAD "1"
Shape Oval Layer both
position -5.080000  0.635000  size  1.524000  3.000000  orientation 0.00
drill  1.000000
shape_offset  0.000000  0.000000
$EndPAD
$EndMODULE  P13

$MODULE "P14"
reference "P14"
value "CONN_1"
footprint "Connect:PIN1"
attribut virtual
position 89.890600 96.926400  orientation 270.00
layer front
$PAD "1"
Shape Oval Layer both
position -5.080000  0.635000  size  1.524000  3.000000  orientation 0.00
drill  1.000000
shape_offset  0.000000  0.000000
$EndPAD
$EndMODULE  P14

$MODULE "P15"
reference "P15"
value "CONN_1"
footprint "Connect:PIN1"
attribut virtual
position 55.854600 89.306400  orientation 90.00
layer front
$PAD "1"
Shape Oval Layer both
position -5.080000  0.635000  size  1.524000  3.000000  orientation 0.00
drill  1.000000
shape_offset  0.000000  0.000000
$EndPAD
$EndMODULE  P15

$MODULE "P16"
reference "P16"
value "CONN_1"
footprint "Connect:PIN1"
attribut virtual
position 55.854600 86.766400  orientation 90.00
layer front
$PAD "1"
Shape Oval Layer both
position -5.080000  0.635000  size  1.524000  3.000000  orientation 0.00
drill  1.000000
shape_offset  0.000000  0.000000
$EndPAD
$EndMODULE  P16

$MODULE "P17"
reference "P17"
value "CONN_1"
footprint "Connect:PIN1"
attribut virtual
position 55.854600 84.226400  orientation 90.00
layer front
$PAD "1"
Shape Oval Layer both
position -5.080000  0.635000  size  1.524000  3.000000  orientation 0.00
drill  1.000000
shape_offset  0.000000  0.000000
$EndPAD
$EndMODULE  P17

$MODULE "P18"
reference "P18"
value "CONN_1"
footprint "Connect:PIN1"
attribut virtual
position 55.854600 81.686400  orientation 90.00
layer front
$PAD "1"
Shape Oval Layer both
position -5.080000  0.635000  size  1.524000  3.000000  orientation 0.00
drill  1.000000
shape_offset  0.000000  0.000000
$EndPAD
$EndMODULE  P18

$MODULE "P19"
reference "P19"
value "CONN_1"
footprint "Connect:PIN1"
attribut virtual
position 55.854600 79.146400  orientation 90.00
layer front
$PAD "1"
Shape Oval Layer both
position -5.080000  0.635000  size  1.524000  3.000000  orientation 0.00
drill  1.000000
shape_offset  0.000000  0.000000
$EndPAD
$EndMODULE  P19

$MODULE "P20"
reference "P20"
value "CONN_1"
footprint "Connect:PIN1"
attribut virtual
position 55.854600 76.606400  orientation 90.00
layer front
$PAD "1"
Shape Oval Layer both
position -5.080000  0.635000  size  1.524000  3.000000  orientation 0.00
drill  1.000000
shape_offset  0.000000  0.000000
$EndPAD
$EndMODULE  P20

$MODULE "P21"
reference "P21"
value "CONN_1"
footprint "Connect:PIN1"
attribut virtual
position 55.753000 74.168000  orientation 90.00
layer front
$PAD "1"
Shape Oval Layer both
position -5.080000  0.635000  size  1.524000  3.000000  orientation 0.00
drill  1.000000
shape_offset  0.000000  0.000000
$EndPAD
$EndMODULE  P21

$MODULE "P22"
reference "P22"
value "CONN_1"
footprint "Connect:PIN1"
attribut virtual
position 55.854600 71.526400  orientation 90.00
layer front
$PAD "1"
Shape Oval Layer both
position -5.080000  0.635000  size  1.524000  3.000000  orientation 0.00
drill  1.000000
shape_offset  0.000000  0.000000
$EndPAD
$EndMODULE  P22

$MODULE "P23"
reference "P23"
value "CONN_1"
footprint "Connect:PIN1"
attribut virtual
position 89.890600 99.466400  orientation 270.00
layer front
$PAD "1"
Shape Oval Layer both
position -5.080000  0.635000  size  1.524000  3.000000  orientation 0.00
drill  1.000000
shape_offset  0.000000  0.000000
$EndPAD
$EndMODULE  P23

$MODULE "P27"
reference "P27"
value "CONN_1"
footprint "Connect:PIN1"
attribut virtual
position 55.854600 61.366400  orientation 90.00
layer front
$PAD "1"
Shape Oval Layer both
position -5.080000  0.635000  size  1.524000  3.000000  orientation 0.00
drill  1.000000
shape_offset  0.000000  0.000000
$EndPAD
$EndMODULE  P27

$MODULE "P28"
reference "P28"
value "CONN_1"
footprint "Connect:PIN1"
attribut virtual
position 55.854600 63.906400  orientation 90.00
layer front
$PAD "1"
Shape Oval Layer both
position -5.080000  0.635000  size  1.524000  3.000000  orientation 0.00
drill  1.000000
shape_offset  0.000000  0.000000
$EndPAD
$EndMODULE  P28

$MODULE "P29"
reference "P29"
value "CONN_1"
footprint "Connect:PIN1"
attribut virtual
position 55.854600 68.986400  orientation 90.00
layer front
$PAD "1"
Shape Oval Layer both
position -5.080000  0.635000  size  1.524000  3.000000  orientation 0.00
drill  1.000000
shape_offset  0.000000  0.000000
$EndPAD
$EndMODULE  P29

$MODULE "P30"
reference "P30"
value "CONN_1"
footprint "Connect:PIN1"
attribut virtual
position 55.854600 66.446400  orientation 90.00
layer front
$PAD "1"
Shape Oval Layer both
position -5.080000  0.635000  size  1.524000  3.000000  orientation 0.00
drill  1.000000
shape_offset  0.000000  0.000000
$EndPAD
$EndMODULE  P30

$MODULE "P31"
reference "P31"
value "CONN_1"
footprint "Connect:PIN1"
attribut virtual
position 55.854600 58.826400  orientation 90.00
layer front
$PAD "1"
Shape Oval Layer both
position -5.080000  0.635000  size  1.524000  3.000000  orientation 0.00
drill  1.000000
shape_offset  0.000000  0.000000
$EndPAD
$EndMODULE  P31

$MODULE "P33"
reference "P33"
value "CONN_1"
footprint "Connect:PIN1"
attribut virtual
position 55.854600 53.746400  orientation 90.00
layer front
$PAD "1"
Shape Oval Layer both
position -5.080000  0.635000  size  1.524000  3.000000  orientation 0.00
drill  1.000000
shape_offset  0.000000  0.000000
$EndPAD
$EndMODULE  P33

$MODULE "P41"
reference "P41"
value "CONN_1"
footprint "Connect:PIN1"
attribut virtual
position 89.890600 61.366400  orientation 270.00
layer front
$PAD "1"
Shape Oval Layer both
position -5.080000  0.635000  size  1.524000  3.000000  orientation 0.00
drill  1.000000
shape_offset  0.000000  0.000000
$EndPAD
$EndMODULE  P41

$MODULE "VBATT1"
reference "VBATT1"
value "CONN_1"
footprint "Connect:PIN1"
attribut virtual
position 55.854600 56.286400  orientation 90.00
layer front
$PAD "1"
Shape Oval Layer both
position -5.080000  0.635000  size  1.524000  3.000000  orientation 0.00
drill  1.000000
shape_offset  0.000000  0.000000
$EndPAD
$EndMODULE  VBATT1

$MODULE "GND1"
reference "GND1"
value "CONN_1"
footprint "Connect:PIN1"
attribut virtual
position 55.854600 51.206400  orientation 90.00
layer front
$PAD "1"
Shape Oval Layer both
position -5.080000  0.635000  size  1.524000  3.000000  orientation 0.00
drill  1.000000
shape_offset  0.000000  0.000000
$EndPAD
$EndMODULE  GND1

$MODULE "CON1"
reference "CON1"
value "USB-MINI-B"
footprint "Connect:USB_Micro-B"
attribut smd
position 77.118700 47.390860  orientation 180.00
layer front
$PAD "1"
Shape Rect Layer front
position -1.300900 -1.562540  size  1.350000  0.400000  orientation 90.00
drill  0.000000
shape_offset  0.000000  0.000000
$EndPAD
$PAD "2"
Shape Rect Layer front
position -0.650900 -1.562540  size  1.350000  0.400000  orientation 90.00
drill  0.000000
shape_offset  0.000000  0.000000
$EndPAD
$PAD "3"
Shape Rect Layer front
position -0.000900 -1.562540  size  1.350000  0.400000  orientation 90.00
drill  0.000000
shape_offset  0.000000  0.000000
$EndPAD
$PAD "4"
Shape Rect Layer front
position  0.649100 -1.562540  size  1.350000  0.400000  orientation 90.00
drill  0.000000
shape_offset  0.000000  0.000000
$EndPAD
$PAD "5"
Shape Rect Layer front
position  1.299100 -1.562540  size  1.350000  0.400000  orientation 90.00
drill  0.000000
shape_offset  0.000000  0.000000
$EndPAD
$PAD "6"
Shape Oval Layer both
position -2.500900 -1.562540  size  0.950000  1.250000  orientation 90.00
drill  0.550000
shape_offset  0.000000  0.000000
$EndPAD
$PAD "6"
Shape Oval Layer both
position  2.499100 -1.562540  size  0.950000  1.250000  orientation 90.00
drill  0.550000
shape_offset  0.000000  0.000000
$EndPAD
$PAD "6"
Shape Oval Layer both
position -3.500900  1.137460  size  1.550000  1.000000  orientation 90.00
drill  1.150000
shape_offset  0.000000  0.000000
$EndPAD
$PAD "6"
Shape Oval Layer both
position  3.499100  1.137460  size  1.550000  1.000000  orientation 90.00
drill  1.150000
shape_offset  0.000000  0.000000
$EndPAD
$EndMODULE  CON1

$MODULE "P24"
reference "P24"
value "CONN_1"
footprint "Connect:PINC"
attribut virtual
position 65.532000 109.474000  orientation 90.00
layer front
$PAD "1"
Shape Circle Layer both
position  1.270000  0.000000  size  2.000000  2.000000  orientation 0.00
drill  1.000000
shape_offset  0.000000  0.000000
$EndPAD
$EndMODULE  P24

$MODULE "P37"
reference "P37"
value "CONN_1"
footprint "Connect:PINC"
attribut virtual
position 65.532000 112.014000  orientation 90.00
layer front
$PAD "1"
Shape Circle Layer both
position  1.270000  0.000000  size  2.000000  2.000000  orientation 0.00
drill  1.000000
shape_offset  0.000000  0.000000
$EndPAD
$EndMODULE  P37

$MODULE "P25"
reference "P25"
value "CONN_1"
footprint "Connect:PINC"
attribut virtual
position 88.392000 49.022000  orientation 270.00
layer front
$PAD "1"
Shape Circle Layer both
position  1.270000  0.000000  size  2.000000  2.000000  orientation 0.00
drill  1.000000
shape_offset  0.000000  0.000000
$EndPAD
$EndMODULE  P25

$MODULE "P26"
reference "P26"
value "CONN_1"
footprint "Connect:PINC"
attribut virtual
position 88.417400 46.436280  orientation 270.00
layer front
$PAD "1"
Shape Circle Layer both
position  1.270000  0.000000  size  2.000000  2.000000  orientation 0.00
drill  1.000000
shape_offset  0.000000  0.000000
$EndPAD
$EndMODULE  P26

$MODULE "P32"
reference "P32"
value "CONN_1"
footprint "Connect:PINC"
attribut virtual
position 84.836000 99.060000  orientation 270.00
layer front
$PAD "1"
Shape Circle Layer both
position  1.270000  0.000000  size  2.000000  2.000000  orientation 0.00
drill  1.000000
shape_offset  0.000000  0.000000
$EndPAD
$EndMODULE  P32

$MODULE "P34"
reference "P34"
value "CONN_1"
footprint "Connect:PINC"
attribut virtual
position 63.246000 58.674000  orientation 90.00
layer front
$PAD "1"
Shape Circle Layer both
position  1.270000  0.000000  size  2.000000  2.000000  orientation 0.00
drill  1.000000
shape_offset  0.000000  0.000000
$EndPAD
$EndMODULE  P34

$MODULE "P36"
reference "P36"
value "CONN_1"
footprint "Connect:PINC"
attribut virtual
position 71.628000 70.866000  orientation 90.00
layer front
$PAD "1"
Shape Circle Layer both
position  1.270000  0.000000  size  2.000000  2.000000  orientation 0.00
drill  1.000000
shape_offset  0.000000  0.000000
$EndPAD
$EndMODULE  P36

$MODULE "P38"
reference "P38"
value "CONN_5X2"
footprint "Connect:CONN-2x5-1.27-SMT"
attribut none
position 73.660000 110.204000  orientation 0.00
layer front
$PAD "1"
Shape Rect Layer front
position  2.540000 -2.000000  size  0.760000  2.400000  orientation 0.00
drill  0.000000
shape_offset  0.000000  0.000000
$EndPAD
$PAD "2"
Shape Rect Layer front
position  2.540000  2.000000  size  0.760000  2.400000  orientation 0.00
drill  0.000000
shape_offset  0.000000  0.000000
$EndPAD
$PAD "3"
Shape Rect Layer front
position  1.270000 -2.000000  size  0.760000  2.400000  orientation 0.00
drill  0.000000
shape_offset  0.000000  0.000000
$EndPAD
$PAD "4"
Shape Rect Layer front
position  1.270000  2.000000  size  0.760000  2.400000  orientation 0.00
drill  0.000000
shape_offset  0.000000  0.000000
$EndPAD
$PAD "5"
Shape Rect Layer front
position  0.000000 -2.000000  size  0.760000  2.400000  orientation 0.00
drill  0.000000
shape_offset  0.000000  0.000000
$EndPAD
$PAD "6"
Shape Rect Layer front
position  0.000000  2.000000  size  0.760000  2.400000  orientation 0.00
drill  0.000000
shape_offset  0.000000  0.000000
$EndPAD
$PAD "7"
Shape Rect Layer front
position -1.270000 -2.000000  size  0.760000  2.400000  orientation 0.00
drill  0.000000
shape_offset  0.000000  0.000000
$EndPAD
$PAD "8"
Shape Rect Layer front
position -1.270000  2.000000  size  0.760000  2.400000  orientation 0.00
drill  0.000000
shape_offset  0.000000  0.000000
$EndPAD
$PAD "9"
Shape Rect Layer front
position -2.540000 -2.000000  size  0.760000  2.400000  orientation 0.00
drill  0.000000
shape_offset  0.000000  0.000000
$EndPAD
$PAD "10"
Shape Rect Layer front
position -2.540000  2.000000  size  0.760000  2.400000  orientation 0.00
drill  0.000000
shape_offset  0.000000  0.000000
$EndPAD
$EndMODULE  P38

$MODULE "P35"
reference "P35"
value "CONN_5X2"
footprint "Connect:CONN-2x5-1.27-SMT"
attribut none
position 73.152000 95.790000  orientation 0.00
layer front
$PAD "1"
Shape Rect Layer front
position  2.540000 -2.000000  size  0.760000  2.400000  orientation 0.00
drill  0.000000
shape_offset  0.000000  0.000000
$EndPAD
$PAD "2"
Shape Rect Layer front
position  2.540000  2.000000  size  0.760000  2.400000  orientation 0.00
drill  0.000000
shape_offset  0.000000  0.000000
$EndPAD
$PAD "3"
Shape Rect Layer front
position  1.270000 -2.000000  size  0.760000  2.400000  orientation 0.00
drill  0.000000
shape_offset  0.000000  0.000000
$EndPAD
$PAD "4"
Shape Rect Layer front
position  1.270000  2.000000  size  0.760000  2.400000  orientation 0.00
drill  0.000000
shape_offset  0.000000  0.000000
$EndPAD
$PAD "5"
Shape Rect Layer front
position  0.000000 -2.000000  size  0.760000  2.400000  orientation 0.00
drill  0.000000
shape_offset  0.000000  0.000000
$EndPAD
$PAD "6"
Shape Rect Layer front
position  0.000000  2.000000  size  0.760000  2.400000  orientation 0.00
drill  0.000000
shape_offset  0.000000  0.000000
$EndPAD
$PAD "7"
Shape Rect Layer front
position -1.270000 -2.000000  size  0.760000  2.400000  orientation 0.00
drill  0.000000
shape_offset  0.000000  0.000000
$EndPAD
$PAD "8"
Shape Rect Layer front
position -1.270000  2.000000  size  0.760000  2.400000  orientation 0.00
drill  0.000000
shape_offset  0.000000  0.000000
$EndPAD
$PAD "9"
Shape Rect Layer front
position -2.540000 -2.000000  size  0.760000  2.400000  orientation 0.00
drill  0.000000
shape_offset  0.000000  0.000000
$EndPAD
$PAD "10"
Shape Rect Layer front
position -2.540000  2.000000  size  0.760000  2.400000  orientation 0.00
drill  0.000000
shape_offset  0.000000  0.000000
$EndPAD
$EndMODULE  P35

$EndDESCRIPTION
